<?xml version="1.0" encoding="UTF-8"?>
<!-- Generated by org.testng.reporters.JUnitReportReporter -->
<testsuite hostname="joe-PC" failures="0" tests="19" name="tests.Tictactoe_Tests" time="4.964" errors="0" timestamp="07 Jun 2021 02:34:41 GMT" skipped="0">
  <testcase classname="tests.Tictactoe_Tests" name="TicTacTowDataDrivenTest" time="0.396"/>
  <testcase classname="tests.Tictactoe_Tests" name="TicTacTowDataDrivenTest" time="0.184"/>
  <testcase classname="tests.Tictactoe_Tests" name="TicTacTowDataDrivenTest" time="0.170"/>
  <testcase classname="tests.Tictactoe_Tests" name="TicTacTowDataDrivenTest" time="0.173"/>
  <testcase classname="tests.Tictactoe_Tests" name="TicTacTowDataDrivenTest" time="0.316"/>
  <testcase classname="tests.Tictactoe_Tests" name="validateOWins" time="0.334"/>
  <testcase classname="tests.Tictactoe_Tests" name="TicTacTowDataDrivenTest" time="0.171"/>
  <testcase classname="tests.Tictactoe_Tests" name="validateO" time="0.163"/>
  <testcase classname="tests.Tictactoe_Tests" name="TicTacTowDataDrivenTest" time="0.183"/>
  <testcase classname="tests.Tictactoe_Tests" name="TicTacTowDataDrivenTest" time="0.173"/>
  <testcase classname="tests.Tictactoe_Tests" name="TicTacTowDataDrivenTest" time="0.488"/>
  <testcase classname="tests.Tictactoe_Tests" name="validateTitleLabel" time="0.063"/>
  <testcase classname="tests.Tictactoe_Tests" name="validateTieGame" time="0.460"/>
  <testcase classname="tests.Tictactoe_Tests" name="validateResetButton" time="0.593"/>
  <testcase classname="tests.Tictactoe_Tests" name="validateXWins" time="0.283"/>
  <testcase classname="tests.Tictactoe_Tests" name="TicTacTowDataDrivenTest" time="0.175"/>
  <testcase classname="tests.Tictactoe_Tests" name="TicTacTowDataDrivenTest" time="0.352"/>
  <testcase classname="tests.Tictactoe_Tests" name="validateX" time="0.127"/>
  <testcase classname="tests.Tictactoe_Tests" name="TicTacTowDataDrivenTest" time="0.160"/>
</testsuite> <!-- tests.Tictactoe_Tests -->
